[2022-07-18T21:05:11.440] [WARN] file - GET to localhost:8080/favicon.ico
[2022-07-24T11:16:33.473] [WARN] file - GET to localhost:8000/public/css/style.css
[2022-07-24T11:16:33.609] [WARN] file - GET to localhost:8000/socket.io/socket.io.js
[2022-07-24T11:16:33.779] [WARN] file - GET to localhost:8000/public/js/home.js
[2022-07-24T12:21:43.513] [WARN] file - GET to localhost:8000/public/css/style.css
[2022-07-24T12:21:43.517] [WARN] file - GET to localhost:8000/socket.io/socket.io.js
[2022-07-24T12:21:43.533] [WARN] file - GET to localhost:8000/public/js/home.js
[2022-07-24T12:25:12.418] [WARN] file - GET to localhost:8000/public/css/style.css
[2022-07-24T12:25:12.428] [WARN] file - GET to localhost:8000/public/js/home.js
[2022-07-24T12:25:12.529] [WARN] file - GET to localhost:8000/socket.io/socket.io.js
[2022-07-24T12:28:44.179] [WARN] file - GET to localhost:8000/public/js/home.js
[2022-07-24T12:29:27.624] [WARN] file - GET to localhost:8000/public/css/style.css
[2022-07-24T12:29:27.636] [WARN] file - GET to localhost:8000/socket.io/socket.io.js
[2022-07-24T12:29:58.276] [WARN] file - GET to localhost:8000/favicon.ico
[2022-07-24T12:29:58.996] [WARN] file - GET to localhost:8000/public/css/style.css
[2022-07-24T12:29:59.011] [WARN] file - GET to localhost:8000/socket.io/socket.io.js
[2022-07-24T12:31:32.300] [WARN] file - GET to localhost:8000/public/css/style.css
[2022-07-24T12:32:23.766] [WARN] file - GET to localhost:8000/public/css/style.css
[2022-07-24T12:32:23.783] [WARN] file - GET to localhost:8000/socket.io/socket.io.js
[2022-07-24T12:33:08.059] [WARN] file - GET to localhost:8000/public/css/style.css
[2022-07-24T12:33:08.225] [WARN] file - GET to localhost:8000/socket.io/socket.io.js
[2022-07-24T12:33:51.160] [WARN] file - GET to localhost:8000/favicon.ico
[2022-07-24T12:34:18.979] [WARN] file - GET to localhost:8000/favicon.ico
[2022-07-24T12:34:25.154] [WARN] file - GET to localhost:8000/invalidPass
[2022-07-24T12:36:00.895] [WARN] file - GET to localhost:8000/invalidPass
[2022-07-24T12:37:40.766] [WARN] file - GET to localhost:8000/public/css/style.css
[2022-07-24T12:37:40.779] [WARN] file - GET to localhost:8000/socket.io/socket.io.js
[2022-07-24T12:37:44.784] [WARN] file - GET to localhost:8000/socket.io/socket.io.js
[2022-07-24T12:37:44.802] [WARN] file - GET to localhost:8000/public/css/style.css
[2022-07-25T08:22:13.895] [WARN] file - GET to localhost:8030/public/css/style.css
[2022-07-25T08:22:13.996] [WARN] file - GET to localhost:8030/socket.io/socket.io.js
[2022-07-25T08:24:26.817] [WARN] file - GET to localhost:8030/favicon.ico
[2022-07-25T08:27:30.153] [WARN] file - GET to localhost:8030/favicon.ico
[2022-07-25T08:29:13.931] [WARN] file - GET to localhost:8030/favicon.ico
[2022-07-25T08:29:15.963] [WARN] file - GET to localhost:8030/favicon.ico
[2022-07-25T08:29:28.022] [WARN] file - GET to localhost:8030/userExists
[2022-07-25T08:30:04.669] [WARN] file - GET to localhost:8030/favicon.ico
[2022-07-25T08:30:23.551] [WARN] file - GET to localhost:8030/invalidPass
[2022-07-25T08:34:28.662] [WARN] file - GET to localhost:8030/invalidPass
[2022-07-25T08:34:32.570] [WARN] file - GET to localhost:8030/socket.io/socket.io.js
[2022-07-25T08:34:37.539] [WARN] file - GET to localhost:8030/favicon.ico
[2022-07-25T08:34:40.302] [WARN] file - GET to localhost:8030/socket.io/socket.io.js
[2022-07-25T08:34:43.042] [WARN] file - GET to localhost:8030/socket.io/socket.io.js
[2022-07-25T08:35:04.887] [WARN] file - GET to localhost:8030/favicon.ico
[2022-07-25T08:39:46.122] [WARN] file - GET to localhost:8030/favicon.ico
[2022-07-25T08:46:47.189] [WARN] file - GET to localhost:8030/favicon.ico
[2022-07-25T08:47:08.046] [WARN] file - GET to localhost:8030/userExists
[2022-07-25T08:47:12.121] [WARN] file - GET to localhost:8030/userExists
[2022-07-25T08:47:33.726] [WARN] file - GET to localhost:8030/favicon.ico
[2022-07-25T08:48:11.386] [WARN] file - GET to localhost:8030/favicon.ico
[2022-07-25T08:53:40.010] [WARN] file - GET to localhost:8030/favicon.ico
[2022-07-25T08:53:41.235] [WARN] file - GET to localhost:8030/favicon.ico
[2022-07-25T08:59:30.468] [WARN] file - GET to localhost:8030/favicon.ico
[2022-07-25T08:59:39.999] [WARN] file - GET to localhost:8030/userExists
[2022-07-25T09:00:35.432] [WARN] file - GET to localhost:8030/userExists
[2022-07-25T09:01:16.175] [WARN] file - GET to localhost:8030/socket.io/socket.io.js
[2022-07-25T09:01:56.611] [WARN] file - GET to localhost:8030/favicon.ico
[2022-07-25T09:02:28.707] [WARN] file - GET to localhost:8030/userExists
[2022-07-25T09:04:02.022] [WARN] file - GET to localhost:8030/userExists
[2022-07-25T09:05:04.028] [WARN] file - GET to localhost:8030/socket.io/socket.io.js
[2022-07-25T09:05:18.781] [WARN] file - GET to localhost:8030/favicon.ico
[2022-07-25T09:05:38.878] [WARN] file - GET to localhost:8030/userExists
[2022-07-25T09:06:40.758] [WARN] file - GET to localhost:8030/userExists
[2022-07-25T09:06:40.896] [WARN] file - GET to localhost:8030/favicon.ico
[2022-07-25T09:14:58.327] [WARN] file - GET to localhost:8030/userExists
[2022-07-25T09:28:49.191] [WARN] file - GET to localhost:8030/userExists
[2022-07-25T09:33:22.166] [WARN] file - GET to localhost:8030/public/js/home.js
[2022-07-25T09:33:22.568] [WARN] file - GET to localhost:8030/socket.io/socket.io.js
[2022-07-25T09:35:21.369] [WARN] file - GET to localhost:8030/public/js/home.js
[2022-07-25T09:35:21.655] [WARN] file - GET to localhost:8030/socket.io/socket.io.js
[2022-07-25T09:37:07.304] [WARN] file - GET to localhost:8030/public/js/home.js
[2022-07-25T09:46:43.362] [WARN] file - GET to localhost:8030/public/js/home.js
[2022-07-25T09:51:49.420] [WARN] file - GET to localhost:8030/socket.io/socket.io.js
[2022-07-25T09:51:49.428] [WARN] file - GET to localhost:8030/req
[2022-07-25T10:02:28.008] [WARN] file - GET to localhost:8030/favicon.ico
[2022-07-25T10:02:35.576] [WARN] file - GET to localhost:8030/favicon.ico
[2022-07-25T10:04:12.513] [WARN] file - GET to localhost:8030/favicon.ico
[2022-07-25T10:11:25.660] [WARN] file - GET to localhost:8030/favicon.ico
[2022-07-25T10:34:13.191] [WARN] file - GET to localhost:8030/favicon.ico
[2022-07-25T10:34:36.581] [WARN] file - GET to localhost:8030/favicon.ico
[2022-07-25T10:35:55.994] [WARN] file - GET to localhost:8030/favicon.ico
[2022-07-25T10:44:55.638] [WARN] file - GET to localhost:8030/favicon.ico
[2022-07-25T10:45:12.291] [WARN] file - GET to localhost:8030/invalidPass
[2022-07-25T10:45:17.780] [WARN] file - GET to localhost:8030/favicon.ico
[2022-07-25T10:45:18.326] [WARN] file - GET to localhost:8030/invalidPass
[2022-07-25T10:45:21.231] [WARN] file - GET to localhost:8030/favicon.ico
[2022-07-25T10:45:22.076] [WARN] file - GET to localhost:8030/favicon.ico
[2022-07-25T10:45:52.172] [WARN] file - GET to localhost:8030/userExists
[2022-07-25T10:48:36.161] [WARN] file - GET to localhost:8030/userExists
[2022-07-25T10:48:42.337] [WARN] file - GET to localhost:8030/favicon.ico
[2022-07-25T10:49:01.961] [WARN] file - GET to localhost:8030/userExists
[2022-07-25T10:49:04.942] [WARN] file - GET to localhost:8030/favicon.ico
[2022-07-25T10:50:52.602] [WARN] file - GET to localhost:8030/favicon.ico
[2022-07-25T10:51:13.355] [WARN] file - GET to localhost:8030/userExists
[2022-07-25T10:51:14.740] [WARN] file - GET to localhost:8030/favicon.ico
[2022-07-25T10:52:55.666] [WARN] file - GET to localhost:8030/userExists
[2022-07-25T10:56:20.556] [WARN] file - GET to localhost:8030/userExists
[2022-07-25T10:56:29.564] [WARN] file - GET to localhost:8030/favicon.ico
[2022-07-25T10:56:43.784] [WARN] file - GET to localhost:8030/userExists
[2022-07-25T10:57:51.813] [WARN] file - GET to localhost:8030/favicon.ico
[2022-07-25T10:58:01.095] [WARN] file - GET to localhost:8030/favicon.ico
[2022-07-25T10:58:55.794] [WARN] file - GET to localhost:8030/favicon.ico
[2022-07-25T11:01:44.606] [WARN] file - GET to localhost:8030/favicon.ico
[2022-07-25T11:01:54.209] [WARN] file - GET to localhost:8030/invalidPass
[2022-07-25T11:02:28.261] [WARN] file - GET to localhost:8030/favicon.ico
[2022-07-25T11:02:33.552] [WARN] file - GET to localhost:8030/favicon.ico
[2022-07-25T11:02:40.816] [WARN] file - GET to localhost:8030/invalidPass
[2022-07-25T11:02:55.931] [WARN] file - GET to localhost:8030/favicon.ico
[2022-07-25T11:02:56.320] [WARN] file - GET to localhost:8030/invalidPass
[2022-07-25T11:03:01.995] [WARN] file - GET to localhost:8030/favicon.ico
[2022-07-25T11:03:38.592] [WARN] file - GET to localhost:8030/favicon.ico
[2022-07-25T11:03:40.926] [WARN] file - GET to localhost:8030/favicon.ico
[2022-07-25T11:04:00.937] [WARN] file - GET to localhost:8030/favicon.ico
[2022-07-25T11:04:01.040] [WARN] file - GET to localhost:8030/favicon.ico
[2022-07-25T11:06:52.901] [WARN] file - GET to localhost:8030/favicon.ico
[2022-07-25T11:07:07.175] [WARN] file - GET to localhost:8030/favicon.ico
[2022-07-25T11:07:25.187] [WARN] file - GET to localhost:8030/favicon.ico
[2022-07-25T11:07:27.153] [WARN] file - GET to localhost:8030/favicon.ico
[2022-07-25T11:07:27.155] [WARN] file - GET to localhost:8030/favicon.ico
[2022-07-25T11:18:56.415] [WARN] file - GET to localhost:8030/favicon.ico
[2022-07-25T11:19:22.916] [WARN] file - GET to localhost:8030/favicon.ico
[2022-07-25T11:19:28.736] [WARN] file - GET to localhost:8030/favicon.ico
[2022-07-25T12:15:35.801] [WARN] file - GET to localhost:8030/favicon.ico
[2022-07-25T12:15:47.181] [WARN] file - GET to localhost:8030/favicon.ico
[2022-07-25T12:16:07.002] [WARN] file - GET to localhost:8030/favicon.ico
[2022-07-25T12:16:07.226] [WARN] file - GET to localhost:8030/favicon.ico
[2022-07-25T12:33:32.623] [WARN] file - GET to localhost:8030/favicon.ico
[2022-07-25T12:34:00.580] [WARN] file - GET to localhost:8030/favicon.ico
[2022-07-25T12:34:07.910] [WARN] file - GET to localhost:8030/favicon.ico
[2022-07-26T08:26:28.564] [WARN] file - GET to localhost:8030/favicon.ico
[2022-07-26T08:43:00.985] [WARN] file - GET to localhost:8030/favicon.ico
[2022-07-26T08:43:43.746] [WARN] file - GET to localhost:8030/favicon.ico
[2022-07-26T08:45:41.581] [WARN] file - GET to localhost:8030/favicon.ico
[2022-07-26T08:48:16.739] [WARN] file - GET to localhost:8030/favicon.ico
[2022-07-26T08:51:37.654] [WARN] file - GET to localhost:8030/favicon.ico
[2022-07-26T08:51:43.074] [WARN] file - GET to localhost:8030/favicon.ico
[2022-07-26T08:53:49.407] [WARN] file - GET to localhost:8030/favicon.ico
[2022-07-26T08:53:53.104] [WARN] file - GET to localhost:8030/favicon.ico
[2022-07-26T08:56:01.668] [WARN] file - GET to localhost:8030/favicon.ico
[2022-07-26T08:59:33.828] [WARN] file - GET to localhost:8030/favicon.ico
[2022-07-26T09:00:23.171] [WARN] file - GET to localhost:8030/favicon.ico
[2022-07-26T11:08:18.956] [WARN] file - GET to localhost:8030/favicon.ico
[2022-07-26T11:08:44.548] [WARN] file - GET to localhost:8030/favicon.ico
[2022-07-26T11:16:09.596] [WARN] file - GET to localhost:8030/favicon.ico
[2022-07-26T11:16:13.314] [WARN] file - GET to localhost:8030/favicon.ico
[2022-07-26T11:16:34.847] [WARN] file - GET to localhost:8030/userExists
[2022-07-26T11:17:52.609] [WARN] file - GET to localhost:8030/userExists
[2022-07-26T11:17:55.206] [WARN] file - GET to localhost:8030/favicon.ico
[2022-07-26T11:18:01.962] [WARN] file - GET to localhost:8030/invalidPass
[2022-07-26T11:18:10.559] [WARN] file - GET to localhost:8030/invalidPass
[2022-07-26T11:23:20.170] [WARN] file - GET to localhost:8030/favicon.ico
[2022-07-26T11:26:12.444] [WARN] file - GET to localhost:8030/favicon.ico
[2022-07-26T11:26:36.126] [WARN] file - GET to localhost:8030/userExists
[2022-07-26T11:27:44.666] [WARN] file - GET to localhost:8030/favicon.ico
[2022-07-26T11:28:30.099] [WARN] file - GET to localhost:8030/favicon.ico
[2022-07-26T11:28:38.243] [WARN] file - GET to localhost:8030/favicon.ico
[2022-07-26T11:29:02.435] [WARN] file - GET to localhost:8030/favicon.ico
[2022-07-26T11:29:15.157] [WARN] file - GET to localhost:8030/favicon.ico
[2022-07-26T11:29:20.501] [WARN] file - GET to localhost:8030/favicon.ico
[2022-07-26T11:29:21.643] [WARN] file - GET to localhost:8030/favicon.ico
[2022-07-26T11:30:37.787] [WARN] file - GET to localhost:8030/favicon.ico
[2022-07-26T11:31:21.312] [WARN] file - GET to localhost:8030/userExists
[2022-07-26T11:31:24.403] [WARN] file - GET to localhost:8030/userExists
[2022-07-26T11:32:36.070] [WARN] file - GET to localhost:8030/favicon.ico
[2022-07-26T11:32:57.406] [WARN] file - GET to localhost:8030/userExists
[2022-07-26T11:34:55.164] [WARN] file - GET to localhost:8030/favicon.ico
[2022-07-26T11:35:25.474] [WARN] file - GET to localhost:8030/favicon.ico
[2022-07-26T11:35:28.264] [WARN] file - GET to localhost:8030/userExists
[2022-07-26T11:48:46.242] [WARN] file - GET to localhost:8030/favicon.ico
[2022-07-26T11:49:18.235] [WARN] file - GET to localhost:8030/favicon.ico
[2022-07-26T11:49:22.826] [WARN] file - GET to localhost:8030/userExists
[2022-07-26T12:02:55.154] [WARN] file - GET to localhost:8030/favicon.ico
[2022-07-26T12:03:18.951] [WARN] file - GET to localhost:8030/favicon.ico
[2022-07-26T12:03:20.513] [WARN] file - GET to localhost:8030/userExists
[2022-07-26T12:09:09.877] [WARN] file - GET to localhost:8030/favicon.ico
[2022-07-26T12:10:22.266] [WARN] file - GET to localhost:8030/favicon.ico
[2022-07-26T12:14:04.177] [WARN] file - GET to localhost:8030/favicon.ico
[2022-07-26T12:32:38.540] [WARN] file - GET to localhost:8030/favicon.ico
[2022-07-26T12:33:20.510] [WARN] file - GET to localhost:8030/favicon.ico
[2022-07-26T12:34:08.223] [WARN] file - GET to localhost:8030/userExists
[2022-07-26T12:34:25.110] [WARN] file - GET to localhost:8030/favicon.ico
[2022-07-26T12:37:08.018] [WARN] file - GET to localhost:8030/favicon.ico
[2022-07-26T12:37:34.737] [WARN] file - GET to localhost:8030/favicon.ico
